-------------------------------------------------------------------------------
Test set: com.studentApp.junit.studentsinfo.TagTest
-------------------------------------------------------------------------------
Tests run: 1, Failures: 0, Errors: 1, Skipped: 0, Time elapsed: 0.344 sec <<< FAILURE! - in com.studentApp.junit.studentsinfo.TagTest
com.studentApp.junit.studentsinfo.TagTest  Time elapsed: 0.001 sec  <<< ERROR!
io.cucumber.tagexpressions.TagExpressionException: Tag expression 'studentfeature:smoke, negative' could not be parsed because of syntax error: expected operator
	at io.cucumber.tagexpressions.TagExpressionParser.check(TagExpressionParser.java:136)
	at io.cucumber.tagexpressions.TagExpressionParser.parse(TagExpressionParser.java:74)
	at io.cucumber.tagexpressions.TagExpressionParser.parse(TagExpressionParser.java:27)
	at net.thucydides.core.reports.html.CucumberCompatibleFilter.cucumberTagExpressionUsing(CucumberCompatibleFilter.java:29)
	at net.thucydides.core.reports.html.CucumberCompatibleFilter.matchesTags(CucumberCompatibleFilter.java:56)
	at net.thucydides.core.tags.TagScanner.shouldRunMethod(TagScanner.java:51)
	at net.serenitybdd.junit.runners.SerenityRunner.shouldSkipTest(SerenityRunner.java:512)
	at net.serenitybdd.junit.runners.SerenityRunner.runChild(SerenityRunner.java:422)
	at net.serenitybdd.junit.runners.SerenityRunner.runChild(SerenityRunner.java:57)
	at org.junit.runners.ParentRunner$4.run(ParentRunner.java:331)
	at org.junit.runners.ParentRunner$1.schedule(ParentRunner.java:79)
	at org.junit.runners.ParentRunner.runChildren(ParentRunner.java:329)
	at org.junit.runners.ParentRunner.access$100(ParentRunner.java:66)
	at org.junit.runners.ParentRunner$2.evaluate(ParentRunner.java:293)
	at org.junit.runners.ParentRunner$3.evaluate(ParentRunner.java:306)
	at org.junit.runners.ParentRunner.run(ParentRunner.java:413)
	at net.serenitybdd.junit.runners.SerenityRunner.run(SerenityRunner.java:251)
	at org.apache.maven.surefire.junit4.JUnit4Provider.execute(JUnit4Provider.java:283)
	at org.apache.maven.surefire.junit4.JUnit4Provider.executeWithRerun(JUnit4Provider.java:173)
	at org.apache.maven.surefire.junit4.JUnit4Provider.executeTestSet(JUnit4Provider.java:153)
	at org.apache.maven.surefire.junit4.JUnit4Provider.invoke(JUnit4Provider.java:128)
	at org.apache.maven.surefire.booter.ForkedBooter.invokeProviderInSameClassLoader(ForkedBooter.java:203)
	at org.apache.maven.surefire.booter.ForkedBooter.runSuitesInProcess(ForkedBooter.java:155)
	at org.apache.maven.surefire.booter.ForkedBooter.main(ForkedBooter.java:103)

